2018/03/05 17:14:37 mstrong:  Login   
2018/03/05 17:14:37 mstrong:  Access   /Jtree/metadata/0.1.0/columns
2018/03/05 17:14:39 mstrong:  Access   /Jtree/metadata/0.1.0/columns
2018/03/05 17:14:43 mstrong:  Login   
2018/03/05 17:14:43 mstrong:  Access   /Jtree/metadata/0.1.0/columns
2018/03/05 17:15:43 mstrong:  Access   /Jtree/metadata/0.1.0/logout
2018/03/05 17:15:45 mstrong:  Access   /Jtree/metadata/0.1.0/columns
2018/03/05 17:19:27 mstrong:  Login   
2018/03/05 17:19:27 mstrong:  Access   /Jtree/metadata/0.1.0/columns
2018/03/05 17:19:29 mstrong:  Logout   
2018/03/06 10:55:38 mstrong:  Login   
2018/03/06 10:55:38 mstrong:  Access   /Jtree/metadata/0.1.0/columns
2018/03/06 10:55:51 mstrong:  Access   /Jtree/metadata/0.1.0/query
2018/03/06 10:55:56 mstrong:  Logout   
2018/03/06 10:56:06 mstrong:  Login   
2018/03/06 10:56:06 mstrong:  Access   /Jtree/metadata/0.1.0/columns
2018/03/06 10:56:09 mstrong:  Access   /Jtree/metadata/0.1.0/query
2018/03/06 10:56:17 mstrong:  Logout   
2018/03/06 10:57:12 mstrong:  Login   
2018/03/06 10:57:12 mstrong:  Access   /Jtree/metadata/0.1.0/columns
2018/03/06 10:57:15 mstrong:  Access   /Jtree/metadata/0.1.0/query
2018/03/06 10:57:21 mstrong:  Access   /Jtree/metadata/0.1.0/columns
2018/03/06 10:57:24 mstrong:  Logout   
2018/03/06 10:57:32 mstrong:  Login   
2018/03/06 10:57:32 mstrong:  Access   /Jtree/metadata/0.1.0/columns
2018/03/06 10:57:34 mstrong:  Access   /Jtree/metadata/0.1.0/query
